9
26
7
9
6
6
13
9
16
9
6
11
7
13
7
7
8
10
6
6
15
23
4
2
10
23
8
5
15
23
24
7
11
21
26
7
9
6
3
9
6
7
10
12
7
9
20
13
6
24
4
13
18
15
15
6
17
21
4
8
20
12
10
4
22
27
18
5
7
18
16
5
21
9
7
8
9
3
10
24
8
19
29
14
4
11
10
16
14
22
14
13
17
7
15
4
16
6
15
8
15
8
30
25
27
8
19
10
5
9
8
2
15
7
10
8
7
8
9
3
10
12
2
7
10
4
2
5
11
8
19
6
8
6
8
6
10
10
3
6
6
8
2
4
3
7
9
6
9
9
12
8
8
2
8
6
6
8
8
6
3
3
2
6
9
7
12
7
8
13
9
14
10
11
13
16
17
11
4
6
8
5
1
12
6
7
5
11
3
6
16
6
11
5
9
11
9
3
7
3
7
9
16
8
10
11
10
10
8
9
6
10
4
15
13
3
16
5
14
7
6
4
3
9
9
2
3
4
13
16
9
2
15
12
8
12
14
7
6
13
3
6
8
7
17
9
8
9
6
5
13
5
7
9
10
2
15
4
14
5
9
9
4
5
13
3
15
11
12
13
12
12
8
9
8
9
3
2
14
8
10
10
11
18
23
9
20
14
13
10
13
12
10
13
8
4
5
9
4
2
9
6
5
10
14
6
6
10
7
13
11
8
14
14
13
10
6
7
9
10
11
13
13
8
5
6
10
10
5
10
8
4
4
11
11
10
8
11
8
9
9
8
8
8
5
15
14
17
12
12
9
5
11
9
13
14
7
4
5
9
14
8
11
13
18
5
14
8
10
8
8
6
10
7
8
5
15
10
8
12
7
11
2
8
16
11
14
14
12
11
10
13
6
6
7
7
12
10
8
14
14
15
8
4
6
7
11
3
19
8
8
6
11
16
4
12
8
8
9
14
6
9
20
3
9
12
8
6
19
8
9
8
11
9
6
11
16
11
6
13
10
6
10
10
2
11
8
3
7
11
6
9
9
7
11
11
14
13
13
8
8
15
12
15
6
15
10
9
13
18
4
10
16
11
16
7
10
10
12
15
3
11
5
10
6
7
10
10
10
6
15
10
7
2
6
12
10
7
14
9
8
1
15
5
10
10
