1924815 52022 abbaabbbcdabbaabbbcd
38 1 abbaabbbcdabbaabbbcd
1 0 abbaabbbcdabbaabbbcd
1874199 52022 abbaabbbcdabbaabbbcd
37 1 abbaabbbcdabbaabbbcd
1 0 abbaabbbcdabbaabbbcd
1407 52022 abbaabbbcdabbaabbbcd
0 1 abbaabbbcdabbaabbbcd
0 0 abbaabbbcdabbaabbbcd
52061 1407 abbaabbbcdabbaabbbcd
1 0 abbaabbbcdabbaabbbcd
0 0 abbaabbbcdabbaabbbcd
1926260 1407 abbaabbbcdabbaabbbcd
38 0 abbaabbbcdabbaabbbcd
1 0 abbaabbbcdabbaabbbcd
1927663 1407 abbaabbbcdabbaabbbcd
38 0 abbaabbbcdabbaabbbcd
1 0 abbaabbbcdabbaabbbcd
1979575 1407 abbaabbbcdabbaabbbcd
39 0 abbaabbbcdabbaabbbcd
1 0 abbaabbbcdabbaabbbcd
3900319 1407 abbaabbbcdabbaabbbcd
77 0 abbaabbbcdabbaabbbcd
2 0 abbaabbbcdabbaabbbcd
5623889 1407 abbaabbbcdabbaabbbcd
111 0 abbaabbbcdabbaabbbcd
3 0 abbaabbbcdabbaabbbcd
aabbbcdabb